I, [2021-07-01T12:19:46.008750 #52163]  INFO -- : Registered expected interaction GET /api/courses/v2/blocks/
D, [2021-07-01T12:19:46.009098 #52163] DEBUG -- : {
  "description": "A request to fetch course block",
  "request": {
    "method": "GET",
    "path": "/api/courses/v2/blocks/",
    "headers": {
      "Content-Type": "application/json"
    }
  },
  "response": {
    "status": 200,
    "headers": {
    },
    "body": {
      "courseId": "course-v1:edX+DemoX+Demo_Course_1",
      "hasScheduledContent": false,
      "title": "Demo Course",
      "blocks": {
        "block-v1:edX+DemoX+Demo_Course_1+type@course+block@bcdabcdabcdabcdabcdabcdabcdabcd4": {
          "type": "course",
          "display_name": "Demonstration Course",
          "children": [
            null
          ],
          "block_id": "bcdabcdabcdabcdabcdabcdabcdabcd4",
          "complete": false,
          "description": null,
          "due": null,
          "graded": false,
          "icon": null,
          "showLink": true,
          "id": "block-v1:edX+DemoX+Demo_Course_1+type@course+block@bcdabcdabcdabcdabcdabcdabcdabcd4",
          "student_view_url": "http://localhost:18000/xblock/block-v1:edX+DemoX+Demo_Course_1+type@course+block@bcdabcdabcdabcdabcdabcdabcdabcd4",
          "legacy_web_url": "http://localhost:18000/courses/course-v1:edX+DemoX+Demo_Course_1/jump_to/block-v1:edX+DemoX+Demo_Course_1+type@course+block@bcdabcdabcdabcdabcdabcdabcdabcd4?experience=legacy"
        },
        "block-v1:edX+DemoX+Demo_Course_1+type@chapter+block@bcdabcdabcdabcdabcdabcdabcdabcd3": {
          "type": "chapter",
          "children": [
            null
          ],
          "block_id": "bcdabcdabcdabcdabcdabcdabcdabcd3",
          "complete": false,
          "description": null,
          "due": null,
          "graded": false,
          "icon": null,
          "showLink": true,
          "display_name": "bcdabcdabcdabcdabcdabcdabcdabcd3",
          "id": "block-v1:edX+DemoX+Demo_Course_1+type@chapter+block@bcdabcdabcdabcdabcdabcdabcdabcd3",
          "student_view_url": "http://localhost:18000/xblock/block-v1:edX+DemoX+Demo_Course_1+type@chapter+block@bcdabcdabcdabcdabcdabcdabcdabcd3",
          "legacy_web_url": "http://localhost:18000/courses/course-v1:edX+DemoX+Demo_Course_1/jump_to/block-v1:edX+DemoX+Demo_Course_1+type@chapter+block@bcdabcdabcdabcdabcdabcdabcdabcd3?experience=legacy"
        },
        "block-v1:edX+DemoX+Demo_Course_1+type@sequential+block@bcdabcdabcdabcdabcdabcdabcdabcd2": {
          "type": "sequential",
          "children": [
            null
          ],
          "block_id": "bcdabcdabcdabcdabcdabcdabcdabcd2",
          "complete": false,
          "description": null,
          "due": null,
          "graded": false,
          "icon": null,
          "showLink": true,
          "display_name": "bcdabcdabcdabcdabcdabcdabcdabcd2",
          "id": "block-v1:edX+DemoX+Demo_Course_1+type@sequential+block@bcdabcdabcdabcdabcdabcdabcdabcd2",
          "student_view_url": "http://localhost:18000/xblock/block-v1:edX+DemoX+Demo_Course_1+type@sequential+block@bcdabcdabcdabcdabcdabcdabcdabcd2",
          "legacy_web_url": "http://localhost:18000/courses/course-v1:edX+DemoX+Demo_Course_1/jump_to/block-v1:edX+DemoX+Demo_Course_1+type@sequential+block@bcdabcdabcdabcdabcdabcdabcdabcd2?experience=legacy"
        },
        "block-v1:edX+DemoX+Demo_Course_1+type@vertical+block@bcdabcdabcdabcdabcdabcdabcdabcd1": {
          "type": "vertical",
          "block_id": "bcdabcdabcdabcdabcdabcdabcdabcd1",
          "complete": false,
          "description": null,
          "due": null,
          "graded": false,
          "icon": null,
          "showLink": true,
          "children": [

          ],
          "display_name": "bcdabcdabcdabcdabcdabcdabcdabcd1",
          "id": "block-v1:edX+DemoX+Demo_Course_1+type@vertical+block@bcdabcdabcdabcdabcdabcdabcdabcd1",
          "student_view_url": "http://localhost:18000/xblock/block-v1:edX+DemoX+Demo_Course_1+type@vertical+block@bcdabcdabcdabcdabcdabcdabcdabcd1",
          "legacy_web_url": "http://localhost:18000/courses/course-v1:edX+DemoX+Demo_Course_1/jump_to/block-v1:edX+DemoX+Demo_Course_1+type@vertical+block@bcdabcdabcdabcdabcdabcdabcdabcd1?experience=legacy"
        }
      },
      "root": "block-v1:edX+DemoX+Demo_Course_1+type@course+block@bcdabcdabcdabcdabcdabcdabcdabcd4"
    }
  },
  "metadata": null
}
W, [2021-07-01T12:19:46.074978 #52163]  WARN -- : Verifying - actual interactions do not match expected interactions. 
Missing requests:
	GET /api/courses/v2/blocks/



W, [2021-07-01T12:19:46.075075 #52163]  WARN -- : Missing requests:
	GET /api/courses/v2/blocks/



I, [2021-07-01T12:19:46.089485 #52163]  INFO -- : Cleared interactions
